running egg_info
writing ../../build/spresense_receiver/spresense_receiver.egg-info/PKG-INFO
writing dependency_links to ../../build/spresense_receiver/spresense_receiver.egg-info/dependency_links.txt
writing entry points to ../../build/spresense_receiver/spresense_receiver.egg-info/entry_points.txt
writing requirements to ../../build/spresense_receiver/spresense_receiver.egg-info/requires.txt
writing top-level names to ../../build/spresense_receiver/spresense_receiver.egg-info/top_level.txt
reading manifest file '../../build/spresense_receiver/spresense_receiver.egg-info/SOURCES.txt'
writing manifest file '../../build/spresense_receiver/spresense_receiver.egg-info/SOURCES.txt'
running build
running build_py
copying spresense_receiver/spresense_receiver.py -> /home/ns/ros2_ws/build/spresense_receiver/build/lib/spresense_receiver
running install
running install_lib
copying /home/ns/ros2_ws/build/spresense_receiver/build/lib/spresense_receiver/spresense_receiver.py -> /home/ns/ros2_ws/install/spresense_receiver/lib/python3.10/site-packages/spresense_receiver
byte-compiling /home/ns/ros2_ws/install/spresense_receiver/lib/python3.10/site-packages/spresense_receiver/spresense_receiver.py to spresense_receiver.cpython-310.pyc
running install_data
running install_egg_info
removing '/home/ns/ros2_ws/install/spresense_receiver/lib/python3.10/site-packages/spresense_receiver-0.0.0-py3.10.egg-info' (and everything under it)
Copying ../../build/spresense_receiver/spresense_receiver.egg-info to /home/ns/ros2_ws/install/spresense_receiver/lib/python3.10/site-packages/spresense_receiver-0.0.0-py3.10.egg-info
running install_scripts
Installing spresense_receiver script to /home/ns/ros2_ws/install/spresense_receiver/lib/spresense_receiver
writing list of installed files to '/home/ns/ros2_ws/build/spresense_receiver/install.log'
