running develop
Removing /home/ns/ros2_ws/install/my_realsense_publisher/lib/python3.10/site-packages/my-realsense-publisher.egg-link (link to .)
running egg_info
writing ../../build/my_realsense_publisher/my_realsense_publisher.egg-info/PKG-INFO
writing dependency_links to ../../build/my_realsense_publisher/my_realsense_publisher.egg-info/dependency_links.txt
writing entry points to ../../build/my_realsense_publisher/my_realsense_publisher.egg-info/entry_points.txt
writing requirements to ../../build/my_realsense_publisher/my_realsense_publisher.egg-info/requires.txt
writing top-level names to ../../build/my_realsense_publisher/my_realsense_publisher.egg-info/top_level.txt
reading manifest file '../../build/my_realsense_publisher/my_realsense_publisher.egg-info/SOURCES.txt'
writing manifest file '../../build/my_realsense_publisher/my_realsense_publisher.egg-info/SOURCES.txt'
running build
running build_py
creating /home/ns/ros2_ws/build/my_realsense_publisher/build
creating /home/ns/ros2_ws/build/my_realsense_publisher/build/lib
creating /home/ns/ros2_ws/build/my_realsense_publisher/build/lib/my_realsense_publisher
copying my_realsense_publisher/realsense_publisher_node.py -> /home/ns/ros2_ws/build/my_realsense_publisher/build/lib/my_realsense_publisher
copying my_realsense_publisher/__init__.py -> /home/ns/ros2_ws/build/my_realsense_publisher/build/lib/my_realsense_publisher
running install
running install_lib
creating /home/ns/ros2_ws/install/my_realsense_publisher/lib/python3.10/site-packages/my_realsense_publisher
copying /home/ns/ros2_ws/build/my_realsense_publisher/build/lib/my_realsense_publisher/realsense_publisher_node.py -> /home/ns/ros2_ws/install/my_realsense_publisher/lib/python3.10/site-packages/my_realsense_publisher
copying /home/ns/ros2_ws/build/my_realsense_publisher/build/lib/my_realsense_publisher/__init__.py -> /home/ns/ros2_ws/install/my_realsense_publisher/lib/python3.10/site-packages/my_realsense_publisher
byte-compiling /home/ns/ros2_ws/install/my_realsense_publisher/lib/python3.10/site-packages/my_realsense_publisher/realsense_publisher_node.py to realsense_publisher_node.cpython-310.pyc
byte-compiling /home/ns/ros2_ws/install/my_realsense_publisher/lib/python3.10/site-packages/my_realsense_publisher/__init__.py to __init__.cpython-310.pyc
running install_data
running install_egg_info
Copying ../../build/my_realsense_publisher/my_realsense_publisher.egg-info to /home/ns/ros2_ws/install/my_realsense_publisher/lib/python3.10/site-packages/my_realsense_publisher-0.0.0-py3.10.egg-info
running install_scripts
writing list of installed files to '/home/ns/ros2_ws/build/my_realsense_publisher/install.log'
