[11.441s] Invoking command in '/home/ns/ros2_ws/build/ArucoDetectorPub': PYTHONPATH=/home/ns/ros2_ws/build/ArucoDetectorPub/prefix_override:/home/ns/ros2_ws/install/ArucoDetectorPub/lib/python3.10/site-packages:${PYTHONPATH} /usr/bin/python3 setup.py develop --editable --build-directory /home/ns/ros2_ws/build/ArucoDetectorPub/build --no-deps install_data
[14.031s] running develop
[14.035s] /usr/lib/python3/dist-packages/setuptools/command/easy_install.py:158: EasyInstallDeprecationWarning: easy_install command is deprecated. Use build and pip and other standards-based tools.
[14.036s]   warnings.warn(
[14.045s] /usr/lib/python3/dist-packages/setuptools/command/install.py:34: SetuptoolsDeprecationWarning: setup.py install is deprecated. Use build and pip and other standards-based tools.
[14.046s]   warnings.warn(
[15.917s] running egg_info
[15.917s] creating ArucoDetectorPub.egg-info
[15.918s] writing ArucoDetectorPub.egg-info/PKG-INFO
[15.921s] writing dependency_links to ArucoDetectorPub.egg-info/dependency_links.txt
[15.923s] writing entry points to ArucoDetectorPub.egg-info/entry_points.txt
[15.926s] writing requirements to ArucoDetectorPub.egg-info/requires.txt
[15.926s] writing top-level names to ArucoDetectorPub.egg-info/top_level.txt
[15.928s] writing manifest file 'ArucoDetectorPub.egg-info/SOURCES.txt'
[15.940s] reading manifest file 'ArucoDetectorPub.egg-info/SOURCES.txt'
[15.945s] writing manifest file 'ArucoDetectorPub.egg-info/SOURCES.txt'
[15.954s] running build_ext
[15.956s] Creating /home/ns/ros2_ws/install/ArucoDetectorPub/lib/python3.10/site-packages/ArucoDetectorPub.egg-link (link to .)
[15.962s] 
[15.963s] Installed /home/ns/ros2_ws/build/ArucoDetectorPub
[15.964s] running install_data
[15.964s] creating /home/ns/ros2_ws/install/ArucoDetectorPub/share/ament_index
[15.965s] creating /home/ns/ros2_ws/install/ArucoDetectorPub/share/ament_index/resource_index
[15.966s] creating /home/ns/ros2_ws/install/ArucoDetectorPub/share/ament_index/resource_index/packages
[15.967s] copying resource/ArucoDetectorPub -> /home/ns/ros2_ws/install/ArucoDetectorPub/share/ament_index/resource_index/packages
[15.968s] copying package.xml -> /home/ns/ros2_ws/install/ArucoDetectorPub/share/ArucoDetectorPub
[16.253s] Invoked command in '/home/ns/ros2_ws/build/ArucoDetectorPub' returned '0': PYTHONPATH=/home/ns/ros2_ws/build/ArucoDetectorPub/prefix_override:/home/ns/ros2_ws/install/ArucoDetectorPub/lib/python3.10/site-packages:${PYTHONPATH} /usr/bin/python3 setup.py develop --editable --build-directory /home/ns/ros2_ws/build/ArucoDetectorPub/build --no-deps install_data
