[7.883s] DEBUG:colcon:Command line arguments: ['/usr/bin/colcon', 'build']
[7.883s] DEBUG:colcon:Parsed command line arguments: Namespace(log_base=None, log_level=None, verb_name='build', build_base='build', install_base='install', merge_install=False, symlink_install=False, test_result_base=None, continue_on_error=False, executor='parallel', parallel_workers=4, event_handlers=None, ignore_user_meta=False, metas=['./colcon.meta'], base_paths=['.'], packages_ignore=None, packages_ignore_regex=None, paths=None, packages_up_to=None, packages_up_to_regex=None, packages_above=None, packages_above_and_dependencies=None, packages_above_depth=None, packages_select_by_dep=None, packages_skip_by_dep=None, packages_skip_up_to=None, packages_select_build_failed=False, packages_skip_build_finished=False, packages_select_test_failures=False, packages_skip_test_passed=False, packages_select=None, packages_skip=None, packages_select_regex=None, packages_skip_regex=None, packages_start=None, packages_end=None, allow_overriding=[], cmake_args=None, cmake_target=None, cmake_target_skip_unavailable=False, cmake_clean_cache=False, cmake_clean_first=False, cmake_force_configure=False, ament_cmake_args=None, catkin_cmake_args=None, catkin_skip_building_tests=False, verb_parser=<colcon_defaults.argument_parser.defaults.DefaultArgumentsDecorator object at 0xffff9cb81e70>, verb_extension=<colcon_core.verb.build.BuildVerb object at 0xffff9cb5da20>, main=<bound method BuildVerb.main of <colcon_core.verb.build.BuildVerb object at 0xffff9cb5da20>>)
[8.356s] Level 1:colcon.colcon_core.package_discovery:discover_packages(colcon_meta) check parameters
[8.358s] Level 1:colcon.colcon_core.package_discovery:discover_packages(recursive) check parameters
[8.359s] Level 1:colcon.colcon_core.package_discovery:discover_packages(ignore) check parameters
[8.359s] Level 1:colcon.colcon_core.package_discovery:discover_packages(path) check parameters
[8.360s] Level 1:colcon.colcon_core.package_discovery:discover_packages(colcon_meta) discover
[8.360s] Level 1:colcon.colcon_core.package_discovery:discover_packages(recursive) discover
[8.360s] INFO:colcon.colcon_core.package_discovery:Crawling recursively for packages in '/home/ns/ros2_ws'
[8.361s] Level 1:colcon.colcon_core.package_identification:_identify(.) by extensions ['ignore', 'ignore_ament_install']
[8.362s] Level 1:colcon.colcon_core.package_identification:_identify(.) by extension 'ignore'
[8.362s] Level 1:colcon.colcon_core.package_identification:_identify(.) by extension 'ignore_ament_install'
[8.363s] Level 1:colcon.colcon_core.package_identification:_identify(.) by extensions ['colcon_pkg']
[8.363s] Level 1:colcon.colcon_core.package_identification:_identify(.) by extension 'colcon_pkg'
[8.364s] Level 1:colcon.colcon_core.package_identification:_identify(.) by extensions ['colcon_meta']
[8.365s] Level 1:colcon.colcon_core.package_identification:_identify(.) by extension 'colcon_meta'
[8.366s] Level 1:colcon.colcon_core.package_identification:_identify(.) by extensions ['ros']
[8.366s] Level 1:colcon.colcon_core.package_identification:_identify(.) by extension 'ros'
[8.460s] Level 1:colcon.colcon_core.package_identification:_identify(.) by extensions ['cmake', 'python']
[8.460s] Level 1:colcon.colcon_core.package_identification:_identify(.) by extension 'cmake'
[8.460s] Level 1:colcon.colcon_core.package_identification:_identify(.) by extension 'python'
[8.460s] Level 1:colcon.colcon_core.package_identification:_identify(.) by extensions ['python_setup_py']
[8.461s] Level 1:colcon.colcon_core.package_identification:_identify(.) by extension 'python_setup_py'
[8.461s] Level 1:colcon.colcon_core.package_identification:_identify(build) by extensions ['ignore', 'ignore_ament_install']
[8.462s] Level 1:colcon.colcon_core.package_identification:_identify(build) by extension 'ignore'
[8.462s] Level 1:colcon.colcon_core.package_identification:_identify(build) ignored
[8.463s] Level 1:colcon.colcon_core.package_identification:_identify(install) by extensions ['ignore', 'ignore_ament_install']
[8.463s] Level 1:colcon.colcon_core.package_identification:_identify(install) by extension 'ignore'
[8.463s] Level 1:colcon.colcon_core.package_identification:_identify(install) ignored
[8.464s] Level 1:colcon.colcon_core.package_identification:_identify(log) by extensions ['ignore', 'ignore_ament_install']
[8.465s] Level 1:colcon.colcon_core.package_identification:_identify(log) by extension 'ignore'
[8.465s] Level 1:colcon.colcon_core.package_identification:_identify(log) ignored
[8.466s] Level 1:colcon.colcon_core.package_identification:_identify(src) by extensions ['ignore', 'ignore_ament_install']
[8.467s] Level 1:colcon.colcon_core.package_identification:_identify(src) by extension 'ignore'
[8.467s] Level 1:colcon.colcon_core.package_identification:_identify(src) by extension 'ignore_ament_install'
[8.468s] Level 1:colcon.colcon_core.package_identification:_identify(src) by extensions ['colcon_pkg']
[8.468s] Level 1:colcon.colcon_core.package_identification:_identify(src) by extension 'colcon_pkg'
[8.468s] Level 1:colcon.colcon_core.package_identification:_identify(src) by extensions ['colcon_meta']
[8.468s] Level 1:colcon.colcon_core.package_identification:_identify(src) by extension 'colcon_meta'
[8.469s] Level 1:colcon.colcon_core.package_identification:_identify(src) by extensions ['ros']
[8.469s] Level 1:colcon.colcon_core.package_identification:_identify(src) by extension 'ros'
[8.469s] Level 1:colcon.colcon_core.package_identification:_identify(src) by extensions ['cmake', 'python']
[8.470s] Level 1:colcon.colcon_core.package_identification:_identify(src) by extension 'cmake'
[8.470s] Level 1:colcon.colcon_core.package_identification:_identify(src) by extension 'python'
[8.471s] Level 1:colcon.colcon_core.package_identification:_identify(src) by extensions ['python_setup_py']
[8.471s] Level 1:colcon.colcon_core.package_identification:_identify(src) by extension 'python_setup_py'
[8.473s] Level 1:colcon.colcon_core.package_identification:_identify(src/ArucoDetectorPub) by extensions ['ignore', 'ignore_ament_install']
[8.474s] Level 1:colcon.colcon_core.package_identification:_identify(src/ArucoDetectorPub) by extension 'ignore'
[8.475s] Level 1:colcon.colcon_core.package_identification:_identify(src/ArucoDetectorPub) by extension 'ignore_ament_install'
[8.475s] Level 1:colcon.colcon_core.package_identification:_identify(src/ArucoDetectorPub) by extensions ['colcon_pkg']
[8.476s] Level 1:colcon.colcon_core.package_identification:_identify(src/ArucoDetectorPub) by extension 'colcon_pkg'
[8.476s] Level 1:colcon.colcon_core.package_identification:_identify(src/ArucoDetectorPub) by extensions ['colcon_meta']
[8.476s] Level 1:colcon.colcon_core.package_identification:_identify(src/ArucoDetectorPub) by extension 'colcon_meta'
[8.476s] Level 1:colcon.colcon_core.package_identification:_identify(src/ArucoDetectorPub) by extensions ['ros']
[8.476s] Level 1:colcon.colcon_core.package_identification:_identify(src/ArucoDetectorPub) by extension 'ros'
[8.493s] DEBUG:colcon.colcon_core.package_identification:Package 'src/ArucoDetectorPub' with type 'ros.ament_python' and name 'ArucoDetectorPub'
[8.494s] Level 1:colcon.colcon_core.package_identification:_identify(src/my_realsense_publisher) by extensions ['ignore', 'ignore_ament_install']
[8.495s] Level 1:colcon.colcon_core.package_identification:_identify(src/my_realsense_publisher) by extension 'ignore'
[8.495s] Level 1:colcon.colcon_core.package_identification:_identify(src/my_realsense_publisher) by extension 'ignore_ament_install'
[8.495s] Level 1:colcon.colcon_core.package_identification:_identify(src/my_realsense_publisher) by extensions ['colcon_pkg']
[8.496s] Level 1:colcon.colcon_core.package_identification:_identify(src/my_realsense_publisher) by extension 'colcon_pkg'
[8.496s] Level 1:colcon.colcon_core.package_identification:_identify(src/my_realsense_publisher) by extensions ['colcon_meta']
[8.496s] Level 1:colcon.colcon_core.package_identification:_identify(src/my_realsense_publisher) by extension 'colcon_meta'
[8.496s] Level 1:colcon.colcon_core.package_identification:_identify(src/my_realsense_publisher) by extensions ['ros']
[8.496s] Level 1:colcon.colcon_core.package_identification:_identify(src/my_realsense_publisher) by extension 'ros'
[8.500s] DEBUG:colcon.colcon_core.package_identification:Package 'src/my_realsense_publisher' with type 'ros.ament_python' and name 'my_realsense_publisher'
[8.501s] Level 1:colcon.colcon_core.package_identification:_identify(src/py_pubsub) by extensions ['ignore', 'ignore_ament_install']
[8.502s] Level 1:colcon.colcon_core.package_identification:_identify(src/py_pubsub) by extension 'ignore'
[8.502s] Level 1:colcon.colcon_core.package_identification:_identify(src/py_pubsub) by extension 'ignore_ament_install'
[8.503s] Level 1:colcon.colcon_core.package_identification:_identify(src/py_pubsub) by extensions ['colcon_pkg']
[8.504s] Level 1:colcon.colcon_core.package_identification:_identify(src/py_pubsub) by extension 'colcon_pkg'
[8.506s] Level 1:colcon.colcon_core.package_identification:_identify(src/py_pubsub) by extensions ['colcon_meta']
[8.507s] Level 1:colcon.colcon_core.package_identification:_identify(src/py_pubsub) by extension 'colcon_meta'
[8.508s] Level 1:colcon.colcon_core.package_identification:_identify(src/py_pubsub) by extensions ['ros']
[8.509s] Level 1:colcon.colcon_core.package_identification:_identify(src/py_pubsub) by extension 'ros'
[8.513s] DEBUG:colcon.colcon_core.package_identification:Package 'src/py_pubsub' with type 'ros.ament_python' and name 'py_pubsub'
[8.515s] Level 1:colcon.colcon_core.package_identification:_identify(src/raspimouse_ros2_examples) by extensions ['ignore', 'ignore_ament_install']
[8.515s] Level 1:colcon.colcon_core.package_identification:_identify(src/raspimouse_ros2_examples) by extension 'ignore'
[8.516s] Level 1:colcon.colcon_core.package_identification:_identify(src/raspimouse_ros2_examples) by extension 'ignore_ament_install'
[8.516s] Level 1:colcon.colcon_core.package_identification:_identify(src/raspimouse_ros2_examples) by extensions ['colcon_pkg']
[8.516s] Level 1:colcon.colcon_core.package_identification:_identify(src/raspimouse_ros2_examples) by extension 'colcon_pkg'
[8.517s] Level 1:colcon.colcon_core.package_identification:_identify(src/raspimouse_ros2_examples) by extensions ['colcon_meta']
[8.517s] Level 1:colcon.colcon_core.package_identification:_identify(src/raspimouse_ros2_examples) by extension 'colcon_meta'
[8.518s] Level 1:colcon.colcon_core.package_identification:_identify(src/raspimouse_ros2_examples) by extensions ['ros']
[8.518s] Level 1:colcon.colcon_core.package_identification:_identify(src/raspimouse_ros2_examples) by extension 'ros'
[8.545s] DEBUG:colcon.colcon_core.package_identification:Package 'src/raspimouse_ros2_examples' with type 'ros.ament_cmake' and name 'raspimouse_ros2_examples'
[8.546s] Level 1:colcon.colcon_core.package_discovery:discover_packages(recursive) using defaults
[8.548s] Level 1:colcon.colcon_core.package_discovery:discover_packages(ignore) discover
[8.549s] Level 1:colcon.colcon_core.package_discovery:discover_packages(ignore) using defaults
[8.549s] Level 1:colcon.colcon_core.package_discovery:discover_packages(path) discover
[8.549s] Level 1:colcon.colcon_core.package_discovery:discover_packages(path) using defaults
[9.594s] Level 1:colcon.colcon_core.package_discovery:discover_packages(prefix_path) check parameters
[9.595s] Level 1:colcon.colcon_core.package_discovery:discover_packages(prefix_path) discover
[9.899s] DEBUG:colcon.colcon_installed_package_information.package_discovery:Found 275 installed packages in /opt/ros/humble
[9.906s] Level 1:colcon.colcon_core.package_discovery:discover_packages(prefix_path) using defaults
[10.453s] Level 5:colcon.colcon_core.verb:set package 'ArucoDetectorPub' build argument 'cmake_args' from command line to 'None'
[10.454s] Level 5:colcon.colcon_core.verb:set package 'ArucoDetectorPub' build argument 'cmake_target' from command line to 'None'
[10.454s] Level 5:colcon.colcon_core.verb:set package 'ArucoDetectorPub' build argument 'cmake_target_skip_unavailable' from command line to 'False'
[10.454s] Level 5:colcon.colcon_core.verb:set package 'ArucoDetectorPub' build argument 'cmake_clean_cache' from command line to 'False'
[10.454s] Level 5:colcon.colcon_core.verb:set package 'ArucoDetectorPub' build argument 'cmake_clean_first' from command line to 'False'
[10.454s] Level 5:colcon.colcon_core.verb:set package 'ArucoDetectorPub' build argument 'cmake_force_configure' from command line to 'False'
[10.455s] Level 5:colcon.colcon_core.verb:set package 'ArucoDetectorPub' build argument 'ament_cmake_args' from command line to 'None'
[10.455s] Level 5:colcon.colcon_core.verb:set package 'ArucoDetectorPub' build argument 'catkin_cmake_args' from command line to 'None'
[10.455s] Level 5:colcon.colcon_core.verb:set package 'ArucoDetectorPub' build argument 'catkin_skip_building_tests' from command line to 'False'
[10.455s] DEBUG:colcon.colcon_core.verb:Building package 'ArucoDetectorPub' with the following arguments: {'ament_cmake_args': None, 'build_base': '/home/ns/ros2_ws/build/ArucoDetectorPub', 'catkin_cmake_args': None, 'catkin_skip_building_tests': False, 'cmake_args': None, 'cmake_clean_cache': False, 'cmake_clean_first': False, 'cmake_force_configure': False, 'cmake_target': None, 'cmake_target_skip_unavailable': False, 'install_base': '/home/ns/ros2_ws/install/ArucoDetectorPub', 'merge_install': False, 'path': '/home/ns/ros2_ws/src/ArucoDetectorPub', 'symlink_install': False, 'test_result_base': None}
[10.537s] Level 5:colcon.colcon_core.verb:set package 'my_realsense_publisher' build argument 'cmake_args' from command line to 'None'
[10.537s] Level 5:colcon.colcon_core.verb:set package 'my_realsense_publisher' build argument 'cmake_target' from command line to 'None'
[10.538s] Level 5:colcon.colcon_core.verb:set package 'my_realsense_publisher' build argument 'cmake_target_skip_unavailable' from command line to 'False'
[10.538s] Level 5:colcon.colcon_core.verb:set package 'my_realsense_publisher' build argument 'cmake_clean_cache' from command line to 'False'
[10.538s] Level 5:colcon.colcon_core.verb:set package 'my_realsense_publisher' build argument 'cmake_clean_first' from command line to 'False'
[10.538s] Level 5:colcon.colcon_core.verb:set package 'my_realsense_publisher' build argument 'cmake_force_configure' from command line to 'False'
[10.538s] Level 5:colcon.colcon_core.verb:set package 'my_realsense_publisher' build argument 'ament_cmake_args' from command line to 'None'
[10.539s] Level 5:colcon.colcon_core.verb:set package 'my_realsense_publisher' build argument 'catkin_cmake_args' from command line to 'None'
[10.539s] Level 5:colcon.colcon_core.verb:set package 'my_realsense_publisher' build argument 'catkin_skip_building_tests' from command line to 'False'
[10.539s] DEBUG:colcon.colcon_core.verb:Building package 'my_realsense_publisher' with the following arguments: {'ament_cmake_args': None, 'build_base': '/home/ns/ros2_ws/build/my_realsense_publisher', 'catkin_cmake_args': None, 'catkin_skip_building_tests': False, 'cmake_args': None, 'cmake_clean_cache': False, 'cmake_clean_first': False, 'cmake_force_configure': False, 'cmake_target': None, 'cmake_target_skip_unavailable': False, 'install_base': '/home/ns/ros2_ws/install/my_realsense_publisher', 'merge_install': False, 'path': '/home/ns/ros2_ws/src/my_realsense_publisher', 'symlink_install': False, 'test_result_base': None}
[10.620s] Level 5:colcon.colcon_core.verb:set package 'py_pubsub' build argument 'cmake_args' from command line to 'None'
[10.620s] Level 5:colcon.colcon_core.verb:set package 'py_pubsub' build argument 'cmake_target' from command line to 'None'
[10.621s] Level 5:colcon.colcon_core.verb:set package 'py_pubsub' build argument 'cmake_target_skip_unavailable' from command line to 'False'
[10.621s] Level 5:colcon.colcon_core.verb:set package 'py_pubsub' build argument 'cmake_clean_cache' from command line to 'False'
[10.621s] Level 5:colcon.colcon_core.verb:set package 'py_pubsub' build argument 'cmake_clean_first' from command line to 'False'
[10.621s] Level 5:colcon.colcon_core.verb:set package 'py_pubsub' build argument 'cmake_force_configure' from command line to 'False'
[10.621s] Level 5:colcon.colcon_core.verb:set package 'py_pubsub' build argument 'ament_cmake_args' from command line to 'None'
[10.621s] Level 5:colcon.colcon_core.verb:set package 'py_pubsub' build argument 'catkin_cmake_args' from command line to 'None'
[10.621s] Level 5:colcon.colcon_core.verb:set package 'py_pubsub' build argument 'catkin_skip_building_tests' from command line to 'False'
[10.622s] DEBUG:colcon.colcon_core.verb:Building package 'py_pubsub' with the following arguments: {'ament_cmake_args': None, 'build_base': '/home/ns/ros2_ws/build/py_pubsub', 'catkin_cmake_args': None, 'catkin_skip_building_tests': False, 'cmake_args': None, 'cmake_clean_cache': False, 'cmake_clean_first': False, 'cmake_force_configure': False, 'cmake_target': None, 'cmake_target_skip_unavailable': False, 'install_base': '/home/ns/ros2_ws/install/py_pubsub', 'merge_install': False, 'path': '/home/ns/ros2_ws/src/py_pubsub', 'symlink_install': False, 'test_result_base': None}
[10.702s] Level 5:colcon.colcon_core.verb:set package 'raspimouse_ros2_examples' build argument 'cmake_args' from command line to 'None'
[10.702s] Level 5:colcon.colcon_core.verb:set package 'raspimouse_ros2_examples' build argument 'cmake_target' from command line to 'None'
[10.703s] Level 5:colcon.colcon_core.verb:set package 'raspimouse_ros2_examples' build argument 'cmake_target_skip_unavailable' from command line to 'False'
[10.703s] Level 5:colcon.colcon_core.verb:set package 'raspimouse_ros2_examples' build argument 'cmake_clean_cache' from command line to 'False'
[10.703s] Level 5:colcon.colcon_core.verb:set package 'raspimouse_ros2_examples' build argument 'cmake_clean_first' from command line to 'False'
[10.703s] Level 5:colcon.colcon_core.verb:set package 'raspimouse_ros2_examples' build argument 'cmake_force_configure' from command line to 'False'
[10.703s] Level 5:colcon.colcon_core.verb:set package 'raspimouse_ros2_examples' build argument 'ament_cmake_args' from command line to 'None'
[10.703s] Level 5:colcon.colcon_core.verb:set package 'raspimouse_ros2_examples' build argument 'catkin_cmake_args' from command line to 'None'
[10.703s] Level 5:colcon.colcon_core.verb:set package 'raspimouse_ros2_examples' build argument 'catkin_skip_building_tests' from command line to 'False'
[10.704s] DEBUG:colcon.colcon_core.verb:Building package 'raspimouse_ros2_examples' with the following arguments: {'ament_cmake_args': None, 'build_base': '/home/ns/ros2_ws/build/raspimouse_ros2_examples', 'catkin_cmake_args': None, 'catkin_skip_building_tests': False, 'cmake_args': None, 'cmake_clean_cache': False, 'cmake_clean_first': False, 'cmake_force_configure': False, 'cmake_target': None, 'cmake_target_skip_unavailable': False, 'install_base': '/home/ns/ros2_ws/install/raspimouse_ros2_examples', 'merge_install': False, 'path': '/home/ns/ros2_ws/src/raspimouse_ros2_examples', 'symlink_install': False, 'test_result_base': None}
[10.783s] INFO:colcon.colcon_core.executor:Executing jobs using 'parallel' executor
[10.865s] DEBUG:colcon.colcon_parallel_executor.executor.parallel:run_until_complete
[10.866s] INFO:colcon.colcon_ros.task.ament_python.build:Building ROS package in '/home/ns/ros2_ws/src/ArucoDetectorPub' with build type 'ament_python'
[10.866s] Level 1:colcon.colcon_core.shell:create_environment_hook('ArucoDetectorPub', 'ament_prefix_path')
[10.983s] INFO:colcon.colcon_core.plugin_system:Skipping extension 'colcon_core.shell.bat': Not used on non-Windows systems
[10.984s] INFO:colcon.colcon_core.shell:Creating environment hook '/home/ns/ros2_ws/install/ArucoDetectorPub/share/ArucoDetectorPub/hook/ament_prefix_path.ps1'
[10.990s] INFO:colcon.colcon_core.shell:Creating environment descriptor '/home/ns/ros2_ws/install/ArucoDetectorPub/share/ArucoDetectorPub/hook/ament_prefix_path.dsv'
[10.993s] INFO:colcon.colcon_core.shell:Creating environment hook '/home/ns/ros2_ws/install/ArucoDetectorPub/share/ArucoDetectorPub/hook/ament_prefix_path.sh'
[11.089s] INFO:colcon.colcon_core.shell:Skip shell extension 'powershell' for command environment: Not usable outside of PowerShell
[11.089s] DEBUG:colcon.colcon_core.shell:Skip shell extension 'dsv' for command environment
[11.266s] INFO:colcon.colcon_ros.task.ament_python.build:Building ROS package in '/home/ns/ros2_ws/src/my_realsense_publisher' with build type 'ament_python'
[11.267s] Level 1:colcon.colcon_core.shell:create_environment_hook('my_realsense_publisher', 'ament_prefix_path')
[11.369s] INFO:colcon.colcon_core.shell:Creating environment hook '/home/ns/ros2_ws/install/my_realsense_publisher/share/my_realsense_publisher/hook/ament_prefix_path.ps1'
[11.373s] INFO:colcon.colcon_core.shell:Creating environment descriptor '/home/ns/ros2_ws/install/my_realsense_publisher/share/my_realsense_publisher/hook/ament_prefix_path.dsv'
[11.375s] INFO:colcon.colcon_core.shell:Creating environment hook '/home/ns/ros2_ws/install/my_realsense_publisher/share/my_realsense_publisher/hook/ament_prefix_path.sh'
[11.459s] INFO:colcon.colcon_core.shell:Skip shell extension 'powershell' for command environment: Not usable outside of PowerShell
[11.460s] DEBUG:colcon.colcon_core.shell:Skip shell extension 'dsv' for command environment
[11.676s] INFO:colcon.colcon_ros.task.ament_python.build:Building ROS package in '/home/ns/ros2_ws/src/py_pubsub' with build type 'ament_python'
[11.676s] Level 1:colcon.colcon_core.shell:create_environment_hook('py_pubsub', 'ament_prefix_path')
[11.762s] INFO:colcon.colcon_core.shell:Creating environment hook '/home/ns/ros2_ws/install/py_pubsub/share/py_pubsub/hook/ament_prefix_path.ps1'
[11.769s] INFO:colcon.colcon_core.shell:Creating environment descriptor '/home/ns/ros2_ws/install/py_pubsub/share/py_pubsub/hook/ament_prefix_path.dsv'
[11.770s] INFO:colcon.colcon_core.shell:Creating environment hook '/home/ns/ros2_ws/install/py_pubsub/share/py_pubsub/hook/ament_prefix_path.sh'
[11.885s] INFO:colcon.colcon_core.shell:Skip shell extension 'powershell' for command environment: Not usable outside of PowerShell
[11.885s] DEBUG:colcon.colcon_core.shell:Skip shell extension 'dsv' for command environment
[12.079s] INFO:colcon.colcon_ros.task.ament_cmake.build:Building ROS package in '/home/ns/ros2_ws/src/raspimouse_ros2_examples' with build type 'ament_cmake'
[12.080s] INFO:colcon.colcon_cmake.task.cmake.build:Building CMake package in '/home/ns/ros2_ws/src/raspimouse_ros2_examples'
[12.175s] INFO:colcon.colcon_core.shell:Skip shell extension 'powershell' for command environment: Not usable outside of PowerShell
[12.175s] DEBUG:colcon.colcon_core.shell:Skip shell extension 'dsv' for command environment
[14.538s] INFO:colcon.colcon_core.task.python.build:Building Python package in '/home/ns/ros2_ws/src/ArucoDetectorPub'
[14.669s] INFO:colcon.colcon_core.shell:Skip shell extension 'powershell' for command environment: Not usable outside of PowerShell
[14.669s] DEBUG:colcon.colcon_core.shell:Skip shell extension 'dsv' for command environment
[16.483s] INFO:colcon.colcon_core.task.python.build:Building Python package in '/home/ns/ros2_ws/src/my_realsense_publisher'
[16.563s] INFO:colcon.colcon_core.shell:Skip shell extension 'powershell' for command environment: Not usable outside of PowerShell
[16.563s] DEBUG:colcon.colcon_core.shell:Skip shell extension 'dsv' for command environment
[18.242s] INFO:colcon.colcon_core.task.python.build:Building Python package in '/home/ns/ros2_ws/src/py_pubsub'
[18.332s] INFO:colcon.colcon_core.shell:Skip shell extension 'powershell' for command environment: Not usable outside of PowerShell
[18.332s] DEBUG:colcon.colcon_core.shell:Skip shell extension 'dsv' for command environment
[18.543s] DEBUG:colcon.colcon_core.event_handler.log_command:Invoking command in '/home/ns/ros2_ws/build/raspimouse_ros2_examples': CMAKE_PREFIX_PATH=/opt/ros/humble /usr/bin/cmake /home/ns/ros2_ws/src/raspimouse_ros2_examples -DCMAKE_INSTALL_PREFIX=/home/ns/ros2_ws/install/raspimouse_ros2_examples
[21.416s] DEBUG:colcon.colcon_core.event_handler.log_command:Invoking command in '/home/ns/ros2_ws/build/ArucoDetectorPub': PYTHONPATH=/home/ns/ros2_ws/build/ArucoDetectorPub/prefix_override:/home/ns/ros2_ws/install/ArucoDetectorPub/lib/python3.10/site-packages:${PYTHONPATH} /usr/bin/python3 setup.py develop --uninstall --editable --build-directory /home/ns/ros2_ws/build/ArucoDetectorPub/build
[21.439s] DEBUG:colcon.colcon_core.event_handler.log_command:Invoking command in '/home/ns/ros2_ws/build/my_realsense_publisher': PYTHONPATH=/home/ns/ros2_ws/build/my_realsense_publisher/prefix_override:/home/ns/ros2_ws/install/my_realsense_publisher/lib/python3.10/site-packages:${PYTHONPATH} /usr/bin/python3 setup.py develop --uninstall --editable --build-directory /home/ns/ros2_ws/build/my_realsense_publisher/build
[21.453s] DEBUG:colcon.colcon_core.event_handler.log_command:Invoking command in '/home/ns/ros2_ws/build/py_pubsub': PYTHONPATH=/home/ns/ros2_ws/build/py_pubsub/prefix_override:/home/ns/ros2_ws/install/py_pubsub/lib/python3.10/site-packages:${PYTHONPATH} /usr/bin/python3 setup.py develop --uninstall --editable --build-directory /home/ns/ros2_ws/build/py_pubsub/build
[25.236s] DEBUG:colcon.colcon_core.event_handler.log_command:Invoked command in '/home/ns/ros2_ws/build/py_pubsub' returned '0': PYTHONPATH=/home/ns/ros2_ws/build/py_pubsub/prefix_override:/home/ns/ros2_ws/install/py_pubsub/lib/python3.10/site-packages:${PYTHONPATH} /usr/bin/python3 setup.py develop --uninstall --editable --build-directory /home/ns/ros2_ws/build/py_pubsub/build
[25.239s] DEBUG:colcon.colcon_core.event_handler.log_command:Invoking command in '/home/ns/ros2_ws/src/py_pubsub': PYTHONPATH=/home/ns/ros2_ws/build/py_pubsub/prefix_override:/home/ns/ros2_ws/install/py_pubsub/lib/python3.10/site-packages:${PYTHONPATH} /usr/bin/python3 setup.py egg_info --egg-base ../../build/py_pubsub build --build-base /home/ns/ros2_ws/build/py_pubsub/build install --record /home/ns/ros2_ws/build/py_pubsub/install.log --single-version-externally-managed
[25.294s] DEBUG:colcon.colcon_core.event_handler.log_command:Invoked command in '/home/ns/ros2_ws/build/ArucoDetectorPub' returned '0': PYTHONPATH=/home/ns/ros2_ws/build/ArucoDetectorPub/prefix_override:/home/ns/ros2_ws/install/ArucoDetectorPub/lib/python3.10/site-packages:${PYTHONPATH} /usr/bin/python3 setup.py develop --uninstall --editable --build-directory /home/ns/ros2_ws/build/ArucoDetectorPub/build
[25.303s] DEBUG:colcon.colcon_core.event_handler.log_command:Invoking command in '/home/ns/ros2_ws/src/ArucoDetectorPub': PYTHONPATH=/home/ns/ros2_ws/build/ArucoDetectorPub/prefix_override:/home/ns/ros2_ws/install/ArucoDetectorPub/lib/python3.10/site-packages:${PYTHONPATH} /usr/bin/python3 setup.py egg_info --egg-base ../../build/ArucoDetectorPub build --build-base /home/ns/ros2_ws/build/ArucoDetectorPub/build install --record /home/ns/ros2_ws/build/ArucoDetectorPub/install.log --single-version-externally-managed
[25.529s] DEBUG:colcon.colcon_core.event_handler.log_command:Invoked command in '/home/ns/ros2_ws/build/my_realsense_publisher' returned '0': PYTHONPATH=/home/ns/ros2_ws/build/my_realsense_publisher/prefix_override:/home/ns/ros2_ws/install/my_realsense_publisher/lib/python3.10/site-packages:${PYTHONPATH} /usr/bin/python3 setup.py develop --uninstall --editable --build-directory /home/ns/ros2_ws/build/my_realsense_publisher/build
[25.531s] DEBUG:colcon.colcon_core.event_handler.log_command:Invoking command in '/home/ns/ros2_ws/src/my_realsense_publisher': PYTHONPATH=/home/ns/ros2_ws/build/my_realsense_publisher/prefix_override:/home/ns/ros2_ws/install/my_realsense_publisher/lib/python3.10/site-packages:${PYTHONPATH} /usr/bin/python3 setup.py egg_info --egg-base ../../build/my_realsense_publisher build --build-base /home/ns/ros2_ws/build/my_realsense_publisher/build install --record /home/ns/ros2_ws/build/my_realsense_publisher/install.log --single-version-externally-managed
[26.082s] DEBUG:colcon.colcon_core.event_handler.log_command:Invoked command in '/home/ns/ros2_ws/build/raspimouse_ros2_examples' returned '1': CMAKE_PREFIX_PATH=/opt/ros/humble /usr/bin/cmake /home/ns/ros2_ws/src/raspimouse_ros2_examples -DCMAKE_INSTALL_PREFIX=/home/ns/ros2_ws/install/raspimouse_ros2_examples
[26.158s] Level 1:colcon.colcon_core.environment:create_environment_scripts_only(raspimouse_ros2_examples)
[26.329s] Level 1:colcon.colcon_core.environment:checking '/home/ns/ros2_ws/install/raspimouse_ros2_examples' for CMake module files
[26.333s] Level 1:colcon.colcon_core.environment:checking '/home/ns/ros2_ws/install/raspimouse_ros2_examples' for CMake config files
[26.337s] Level 1:colcon.colcon_core.environment:checking '/home/ns/ros2_ws/install/raspimouse_ros2_examples/bin'
[26.337s] Level 1:colcon.colcon_core.environment:checking '/home/ns/ros2_ws/install/raspimouse_ros2_examples/lib/pkgconfig/raspimouse_ros2_examples.pc'
[26.339s] Level 1:colcon.colcon_core.environment:checking '/home/ns/ros2_ws/install/raspimouse_ros2_examples/lib/python3.10/site-packages'
[26.341s] Level 1:colcon.colcon_core.environment:checking '/home/ns/ros2_ws/install/raspimouse_ros2_examples/bin'
[26.478s] INFO:colcon.colcon_core.shell:Creating package script '/home/ns/ros2_ws/install/raspimouse_ros2_examples/share/raspimouse_ros2_examples/package.ps1'
[26.482s] INFO:colcon.colcon_core.shell:Creating package descriptor '/home/ns/ros2_ws/install/raspimouse_ros2_examples/share/raspimouse_ros2_examples/package.dsv'
[26.486s] INFO:colcon.colcon_core.shell:Creating package script '/home/ns/ros2_ws/install/raspimouse_ros2_examples/share/raspimouse_ros2_examples/package.sh'
[26.490s] INFO:colcon.colcon_core.shell:Creating package script '/home/ns/ros2_ws/install/raspimouse_ros2_examples/share/raspimouse_ros2_examples/package.bash'
[26.496s] INFO:colcon.colcon_core.shell:Creating package script '/home/ns/ros2_ws/install/raspimouse_ros2_examples/share/raspimouse_ros2_examples/package.zsh'
[26.501s] Level 1:colcon.colcon_core.environment:create_file_with_runtime_dependencies(/home/ns/ros2_ws/install/raspimouse_ros2_examples/share/colcon-core/packages/raspimouse_ros2_examples)
[27.891s] DEBUG:colcon.colcon_parallel_executor.executor.parallel:closing loop
[27.893s] DEBUG:colcon.colcon_parallel_executor.executor.parallel:loop closed
[27.893s] DEBUG:colcon.colcon_parallel_executor.executor.parallel:run_until_complete finished with '1'
[27.894s] DEBUG:colcon.colcon_core.event_reactor:joining thread
[28.023s] INFO:colcon.colcon_core.plugin_system:Skipping extension 'colcon_notification.desktop_notification.terminal_notifier': Not used on non-Darwin systems
[28.023s] INFO:colcon.colcon_core.plugin_system:Skipping extension 'colcon_notification.desktop_notification.win32': Not used on non-Windows systems
[28.024s] INFO:colcon.colcon_notification.desktop_notification:Sending desktop notification using 'notify2'
[28.118s] DEBUG:colcon.colcon_core.event_reactor:joined thread
[28.247s] INFO:colcon.colcon_core.shell:Creating prefix script '/home/ns/ros2_ws/install/local_setup.ps1'
[28.254s] INFO:colcon.colcon_core.shell:Creating prefix util module '/home/ns/ros2_ws/install/_local_setup_util_ps1.py'
[28.263s] INFO:colcon.colcon_core.shell:Creating prefix chain script '/home/ns/ros2_ws/install/setup.ps1'
[28.365s] INFO:colcon.colcon_core.shell:Creating prefix script '/home/ns/ros2_ws/install/local_setup.sh'
[28.368s] INFO:colcon.colcon_core.shell:Creating prefix util module '/home/ns/ros2_ws/install/_local_setup_util_sh.py'
[28.370s] INFO:colcon.colcon_core.shell:Creating prefix chain script '/home/ns/ros2_ws/install/setup.sh'
[28.457s] INFO:colcon.colcon_core.shell:Creating prefix script '/home/ns/ros2_ws/install/local_setup.bash'
[28.459s] INFO:colcon.colcon_core.shell:Creating prefix chain script '/home/ns/ros2_ws/install/setup.bash'
[28.537s] INFO:colcon.colcon_core.shell:Creating prefix script '/home/ns/ros2_ws/install/local_setup.zsh'
[28.540s] INFO:colcon.colcon_core.shell:Creating prefix chain script '/home/ns/ros2_ws/install/setup.zsh'
