[6.160s] Invoking command in '/home/ns/ros2_ws/build/raspimouse_ros2_examples': CMAKE_PREFIX_PATH=/opt/ros/humble /usr/bin/cmake /home/ns/ros2_ws/src/raspimouse_ros2_examples -DAMENT_CMAKE_SYMLINK_INSTALL=1 -DCMAKE_INSTALL_PREFIX=/home/ns/ros2_ws/install/raspimouse_ros2_examples
[7.215s] -- The C compiler identification is GNU 11.4.0
[8.068s] -- The CXX compiler identification is GNU 11.4.0
[8.185s] -- Detecting C compiler ABI info
[8.949s] -- Detecting C compiler ABI info - done
[8.993s] -- Check for working C compiler: /usr/bin/cc - skipped
[8.995s] -- Detecting C compile features
[8.999s] -- Detecting C compile features - done
[9.032s] -- Detecting CXX compiler ABI info
[10.137s] -- Detecting CXX compiler ABI info - done
[10.208s] -- Check for working CXX compiler: /usr/bin/c++ - skipped
[10.216s] -- Detecting CXX compile features
[10.225s] -- Detecting CXX compile features - done
[10.290s] -- Found ament_cmake: 1.3.6 (/opt/ros/humble/share/ament_cmake/cmake)
[12.403s] -- Found Python3: /usr/bin/python3.10 (found version "3.10.12") found components: Interpreter 
[13.114s] -- Override CMake install command with custom implementation using symlinks instead of copying resources
[13.718s] -- Found rclcpp: 16.0.7 (/opt/ros/humble/share/rclcpp/cmake)
[14.369s] -- Found rosidl_generator_c: 3.1.5 (/opt/ros/humble/share/rosidl_generator_c/cmake)
[14.433s] -- Found rosidl_adapter: 3.1.5 (/opt/ros/humble/share/rosidl_adapter/cmake)
[14.606s] -- Found rosidl_generator_cpp: 3.1.5 (/opt/ros/humble/share/rosidl_generator_cpp/cmake)
[14.972s] -- Using all available rosidl_typesupport_c: rosidl_typesupport_fastrtps_c;rosidl_typesupport_introspection_c
[15.486s] -- Using all available rosidl_typesupport_cpp: rosidl_typesupport_fastrtps_cpp;rosidl_typesupport_introspection_cpp
[16.097s] -- Found rmw_implementation_cmake: 6.1.1 (/opt/ros/humble/share/rmw_implementation_cmake/cmake)
[16.131s] -- Found rmw_fastrtps_cpp: 6.2.5 (/opt/ros/humble/share/rmw_fastrtps_cpp/cmake)
[16.993s] -- Found OpenSSL: /usr/lib/aarch64-linux-gnu/libcrypto.so (found version "3.0.2")  
[17.316s] -- Found FastRTPS: /opt/ros/humble/include  
[17.859s] -- Using RMW implementation 'rmw_fastrtps_cpp' as default
[17.963s] -- Looking for pthread.h
[18.423s] -- Looking for pthread.h - found
[18.425s] -- Performing Test CMAKE_HAVE_LIBC_PTHREAD
[18.836s] -- Performing Test CMAKE_HAVE_LIBC_PTHREAD - Success
[18.842s] -- Found Threads: TRUE  
[19.760s] -- Found rclcpp_components: 16.0.7 (/opt/ros/humble/share/rclcpp_components/cmake)
[20.242s] -- Found rclcpp_lifecycle: 16.0.7 (/opt/ros/humble/share/rclcpp_lifecycle/cmake)
[20.523s] -- Found std_srvs: 4.2.3 (/opt/ros/humble/share/std_srvs/cmake)
[20.645s] -- Found sensor_msgs: 4.2.3 (/opt/ros/humble/share/sensor_msgs/cmake)
[21.360s] -- Found OpenCV: /usr (found version "4.5.4") 
[21.567s] [31mCMake Error at CMakeLists.txt:30 (find_package):
[21.568s]   By not providing "Findraspimouse_msgs.cmake" in CMAKE_MODULE_PATH this
[21.568s]   project has asked CMake to find a package configuration file provided by
[21.569s]   "raspimouse_msgs", but CMake did not find one.
[21.569s] 
[21.570s]   Could not find a package configuration file provided by "raspimouse_msgs"
[21.570s]   with any of the following names:
[21.571s] 
[21.572s]     raspimouse_msgsConfig.cmake
[21.573s]     raspimouse_msgs-config.cmake
[21.574s] 
[21.574s]   Add the installation prefix of "raspimouse_msgs" to CMAKE_PREFIX_PATH or
[21.575s]   set "raspimouse_msgs_DIR" to a directory containing one of the above files.
[21.576s]   If "raspimouse_msgs" provides a separate development package or SDK, be
[21.576s]   sure it has been installed.
[21.577s] 
[21.578s] [0m
[21.579s] -- Configuring incomplete, errors occurred!
[21.582s] See also "/home/ns/ros2_ws/build/raspimouse_ros2_examples/CMakeFiles/CMakeOutput.log".
[21.621s] Invoked command in '/home/ns/ros2_ws/build/raspimouse_ros2_examples' returned '1': CMAKE_PREFIX_PATH=/opt/ros/humble /usr/bin/cmake /home/ns/ros2_ws/src/raspimouse_ros2_examples -DAMENT_CMAKE_SYMLINK_INSTALL=1 -DCMAKE_INSTALL_PREFIX=/home/ns/ros2_ws/install/raspimouse_ros2_examples
