running develop
running egg_info
creating py_pubsub.egg-info
writing py_pubsub.egg-info/PKG-INFO
writing dependency_links to py_pubsub.egg-info/dependency_links.txt
writing entry points to py_pubsub.egg-info/entry_points.txt
writing requirements to py_pubsub.egg-info/requires.txt
writing top-level names to py_pubsub.egg-info/top_level.txt
writing manifest file 'py_pubsub.egg-info/SOURCES.txt'
reading manifest file 'py_pubsub.egg-info/SOURCES.txt'
writing manifest file 'py_pubsub.egg-info/SOURCES.txt'
running build_ext
Creating /home/ns/ros2_ws/install/py_pubsub/lib/python3.10/site-packages/py-pubsub.egg-link (link to .)

Installed /home/ns/ros2_ws/build/py_pubsub
running install_data
creating /home/ns/ros2_ws/install/py_pubsub/share/ament_index
creating /home/ns/ros2_ws/install/py_pubsub/share/ament_index/resource_index
creating /home/ns/ros2_ws/install/py_pubsub/share/ament_index/resource_index/packages
copying resource/py_pubsub -> /home/ns/ros2_ws/install/py_pubsub/share/ament_index/resource_index/packages
copying package.xml -> /home/ns/ros2_ws/install/py_pubsub/share/py_pubsub
