running develop
/usr/lib/python3/dist-packages/setuptools/command/easy_install.py:158: EasyInstallDeprecationWarning: easy_install command is deprecated. Use build and pip and other standards-based tools.
  warnings.warn(
/usr/lib/python3/dist-packages/setuptools/command/install.py:34: SetuptoolsDeprecationWarning: setup.py install is deprecated. Use build and pip and other standards-based tools.
  warnings.warn(
Removing /home/ns/ros2_ws/install/ArucoDetectorPub/lib/python3.10/site-packages/ArucoDetectorPub.egg-link (link to .)
running egg_info
writing ../../build/ArucoDetectorPub/ArucoDetectorPub.egg-info/PKG-INFO
writing dependency_links to ../../build/ArucoDetectorPub/ArucoDetectorPub.egg-info/dependency_links.txt
writing entry points to ../../build/ArucoDetectorPub/ArucoDetectorPub.egg-info/entry_points.txt
writing requirements to ../../build/ArucoDetectorPub/ArucoDetectorPub.egg-info/requires.txt
writing top-level names to ../../build/ArucoDetectorPub/ArucoDetectorPub.egg-info/top_level.txt
reading manifest file '../../build/ArucoDetectorPub/ArucoDetectorPub.egg-info/SOURCES.txt'
writing manifest file '../../build/ArucoDetectorPub/ArucoDetectorPub.egg-info/SOURCES.txt'
running build
running build_py
creating /home/ns/ros2_ws/build/ArucoDetectorPub/build
creating /home/ns/ros2_ws/build/ArucoDetectorPub/build/lib
creating /home/ns/ros2_ws/build/ArucoDetectorPub/build/lib/ArucoDetectorPub
copying ArucoDetectorPub/__init__.py -> /home/ns/ros2_ws/build/ArucoDetectorPub/build/lib/ArucoDetectorPub
running install
/usr/lib/python3/dist-packages/setuptools/command/install.py:34: SetuptoolsDeprecationWarning: setup.py install is deprecated. Use build and pip and other standards-based tools.
  warnings.warn(
running install_lib
creating /home/ns/ros2_ws/install/ArucoDetectorPub/lib/python3.10/site-packages/ArucoDetectorPub
copying /home/ns/ros2_ws/build/ArucoDetectorPub/build/lib/ArucoDetectorPub/__init__.py -> /home/ns/ros2_ws/install/ArucoDetectorPub/lib/python3.10/site-packages/ArucoDetectorPub
byte-compiling /home/ns/ros2_ws/install/ArucoDetectorPub/lib/python3.10/site-packages/ArucoDetectorPub/__init__.py to __init__.cpython-310.pyc
running install_data
running install_egg_info
Copying ../../build/ArucoDetectorPub/ArucoDetectorPub.egg-info to /home/ns/ros2_ws/install/ArucoDetectorPub/lib/python3.10/site-packages/ArucoDetectorPub-0.0.0-py3.10.egg-info
running install_scripts
writing list of installed files to '/home/ns/ros2_ws/build/ArucoDetectorPub/install.log'
