[10.530s] DEBUG:colcon:Command line arguments: ['/usr/bin/colcon', 'build', '--packages-select', 'spresense_receiver']
[10.531s] DEBUG:colcon:Parsed command line arguments: Namespace(log_base=None, log_level=None, verb_name='build', build_base='build', install_base='install', merge_install=False, symlink_install=False, test_result_base=None, continue_on_error=False, executor='parallel', parallel_workers=4, event_handlers=None, ignore_user_meta=False, metas=['./colcon.meta'], base_paths=['.'], packages_ignore=None, packages_ignore_regex=None, paths=None, packages_up_to=None, packages_up_to_regex=None, packages_above=None, packages_above_and_dependencies=None, packages_above_depth=None, packages_select_by_dep=None, packages_skip_by_dep=None, packages_skip_up_to=None, packages_select_build_failed=False, packages_skip_build_finished=False, packages_select_test_failures=False, packages_skip_test_passed=False, packages_select=['spresense_receiver'], packages_skip=None, packages_select_regex=None, packages_skip_regex=None, packages_start=None, packages_end=None, allow_overriding=[], cmake_args=None, cmake_target=None, cmake_target_skip_unavailable=False, cmake_clean_cache=False, cmake_clean_first=False, cmake_force_configure=False, ament_cmake_args=None, catkin_cmake_args=None, catkin_skip_building_tests=False, verb_parser=<colcon_defaults.argument_parser.defaults.DefaultArgumentsDecorator object at 0xffff7ea2ace0>, verb_extension=<colcon_core.verb.build.BuildVerb object at 0xffff7ea2b640>, main=<bound method BuildVerb.main of <colcon_core.verb.build.BuildVerb object at 0xffff7ea2b640>>)
[11.017s] Level 1:colcon.colcon_core.package_discovery:discover_packages(colcon_meta) check parameters
[11.018s] Level 1:colcon.colcon_core.package_discovery:discover_packages(recursive) check parameters
[11.018s] Level 1:colcon.colcon_core.package_discovery:discover_packages(ignore) check parameters
[11.018s] Level 1:colcon.colcon_core.package_discovery:discover_packages(path) check parameters
[11.018s] Level 1:colcon.colcon_core.package_discovery:discover_packages(colcon_meta) discover
[11.018s] Level 1:colcon.colcon_core.package_discovery:discover_packages(recursive) discover
[11.019s] INFO:colcon.colcon_core.package_discovery:Crawling recursively for packages in '/home/ns/ros2_ws'
[11.019s] Level 1:colcon.colcon_core.package_identification:_identify(.) by extensions ['ignore', 'ignore_ament_install']
[11.019s] Level 1:colcon.colcon_core.package_identification:_identify(.) by extension 'ignore'
[11.020s] Level 1:colcon.colcon_core.package_identification:_identify(.) by extension 'ignore_ament_install'
[11.020s] Level 1:colcon.colcon_core.package_identification:_identify(.) by extensions ['colcon_pkg']
[11.020s] Level 1:colcon.colcon_core.package_identification:_identify(.) by extension 'colcon_pkg'
[11.021s] Level 1:colcon.colcon_core.package_identification:_identify(.) by extensions ['colcon_meta']
[11.021s] Level 1:colcon.colcon_core.package_identification:_identify(.) by extension 'colcon_meta'
[11.021s] Level 1:colcon.colcon_core.package_identification:_identify(.) by extensions ['ros']
[11.021s] Level 1:colcon.colcon_core.package_identification:_identify(.) by extension 'ros'
[11.095s] Level 1:colcon.colcon_core.package_identification:_identify(.) by extensions ['cmake', 'python']
[11.096s] Level 1:colcon.colcon_core.package_identification:_identify(.) by extension 'cmake'
[11.096s] Level 1:colcon.colcon_core.package_identification:_identify(.) by extension 'python'
[11.097s] Level 1:colcon.colcon_core.package_identification:_identify(.) by extensions ['python_setup_py']
[11.097s] Level 1:colcon.colcon_core.package_identification:_identify(.) by extension 'python_setup_py'
[11.098s] Level 1:colcon.colcon_core.package_identification:_identify(build) by extensions ['ignore', 'ignore_ament_install']
[11.099s] Level 1:colcon.colcon_core.package_identification:_identify(build) by extension 'ignore'
[11.100s] Level 1:colcon.colcon_core.package_identification:_identify(build) ignored
[11.101s] Level 1:colcon.colcon_core.package_identification:_identify(install) by extensions ['ignore', 'ignore_ament_install']
[11.102s] Level 1:colcon.colcon_core.package_identification:_identify(install) by extension 'ignore'
[11.102s] Level 1:colcon.colcon_core.package_identification:_identify(install) ignored
[11.103s] Level 1:colcon.colcon_core.package_identification:_identify(log) by extensions ['ignore', 'ignore_ament_install']
[11.104s] Level 1:colcon.colcon_core.package_identification:_identify(log) by extension 'ignore'
[11.105s] Level 1:colcon.colcon_core.package_identification:_identify(log) ignored
[11.106s] Level 1:colcon.colcon_core.package_identification:_identify(src) by extensions ['ignore', 'ignore_ament_install']
[11.107s] Level 1:colcon.colcon_core.package_identification:_identify(src) by extension 'ignore'
[11.107s] Level 1:colcon.colcon_core.package_identification:_identify(src) by extension 'ignore_ament_install'
[11.108s] Level 1:colcon.colcon_core.package_identification:_identify(src) by extensions ['colcon_pkg']
[11.108s] Level 1:colcon.colcon_core.package_identification:_identify(src) by extension 'colcon_pkg'
[11.109s] Level 1:colcon.colcon_core.package_identification:_identify(src) by extensions ['colcon_meta']
[11.109s] Level 1:colcon.colcon_core.package_identification:_identify(src) by extension 'colcon_meta'
[11.110s] Level 1:colcon.colcon_core.package_identification:_identify(src) by extensions ['ros']
[11.110s] Level 1:colcon.colcon_core.package_identification:_identify(src) by extension 'ros'
[11.111s] Level 1:colcon.colcon_core.package_identification:_identify(src) by extensions ['cmake', 'python']
[11.112s] Level 1:colcon.colcon_core.package_identification:_identify(src) by extension 'cmake'
[11.112s] Level 1:colcon.colcon_core.package_identification:_identify(src) by extension 'python'
[11.113s] Level 1:colcon.colcon_core.package_identification:_identify(src) by extensions ['python_setup_py']
[11.113s] Level 1:colcon.colcon_core.package_identification:_identify(src) by extension 'python_setup_py'
[11.114s] Level 1:colcon.colcon_core.package_identification:_identify(src/ArucoDetectorPub) by extensions ['ignore', 'ignore_ament_install']
[11.115s] Level 1:colcon.colcon_core.package_identification:_identify(src/ArucoDetectorPub) by extension 'ignore'
[11.115s] Level 1:colcon.colcon_core.package_identification:_identify(src/ArucoDetectorPub) by extension 'ignore_ament_install'
[11.116s] Level 1:colcon.colcon_core.package_identification:_identify(src/ArucoDetectorPub) by extensions ['colcon_pkg']
[11.116s] Level 1:colcon.colcon_core.package_identification:_identify(src/ArucoDetectorPub) by extension 'colcon_pkg'
[11.117s] Level 1:colcon.colcon_core.package_identification:_identify(src/ArucoDetectorPub) by extensions ['colcon_meta']
[11.117s] Level 1:colcon.colcon_core.package_identification:_identify(src/ArucoDetectorPub) by extension 'colcon_meta'
[11.118s] Level 1:colcon.colcon_core.package_identification:_identify(src/ArucoDetectorPub) by extensions ['ros']
[11.118s] Level 1:colcon.colcon_core.package_identification:_identify(src/ArucoDetectorPub) by extension 'ros'
[11.130s] DEBUG:colcon.colcon_core.package_identification:Package 'src/ArucoDetectorPub' with type 'ros.ament_python' and name 'ArucoDetectorPub'
[11.131s] Level 1:colcon.colcon_core.package_identification:_identify(src/my_realsense_publisher) by extensions ['ignore', 'ignore_ament_install']
[11.132s] Level 1:colcon.colcon_core.package_identification:_identify(src/my_realsense_publisher) by extension 'ignore'
[11.133s] Level 1:colcon.colcon_core.package_identification:_identify(src/my_realsense_publisher) by extension 'ignore_ament_install'
[11.133s] Level 1:colcon.colcon_core.package_identification:_identify(src/my_realsense_publisher) by extensions ['colcon_pkg']
[11.133s] Level 1:colcon.colcon_core.package_identification:_identify(src/my_realsense_publisher) by extension 'colcon_pkg'
[11.134s] Level 1:colcon.colcon_core.package_identification:_identify(src/my_realsense_publisher) by extensions ['colcon_meta']
[11.134s] Level 1:colcon.colcon_core.package_identification:_identify(src/my_realsense_publisher) by extension 'colcon_meta'
[11.134s] Level 1:colcon.colcon_core.package_identification:_identify(src/my_realsense_publisher) by extensions ['ros']
[11.135s] Level 1:colcon.colcon_core.package_identification:_identify(src/my_realsense_publisher) by extension 'ros'
[11.137s] DEBUG:colcon.colcon_core.package_identification:Package 'src/my_realsense_publisher' with type 'ros.ament_python' and name 'my_realsense_publisher'
[11.138s] Level 1:colcon.colcon_core.package_identification:_identify(src/py_pubsub) by extensions ['ignore', 'ignore_ament_install']
[11.138s] Level 1:colcon.colcon_core.package_identification:_identify(src/py_pubsub) by extension 'ignore'
[11.139s] Level 1:colcon.colcon_core.package_identification:_identify(src/py_pubsub) by extension 'ignore_ament_install'
[11.139s] Level 1:colcon.colcon_core.package_identification:_identify(src/py_pubsub) by extensions ['colcon_pkg']
[11.140s] Level 1:colcon.colcon_core.package_identification:_identify(src/py_pubsub) by extension 'colcon_pkg'
[11.140s] Level 1:colcon.colcon_core.package_identification:_identify(src/py_pubsub) by extensions ['colcon_meta']
[11.140s] Level 1:colcon.colcon_core.package_identification:_identify(src/py_pubsub) by extension 'colcon_meta'
[11.140s] Level 1:colcon.colcon_core.package_identification:_identify(src/py_pubsub) by extensions ['ros']
[11.141s] Level 1:colcon.colcon_core.package_identification:_identify(src/py_pubsub) by extension 'ros'
[11.142s] DEBUG:colcon.colcon_core.package_identification:Package 'src/py_pubsub' with type 'ros.ament_python' and name 'py_pubsub'
[11.143s] Level 1:colcon.colcon_core.package_identification:_identify(src/raspimouse_ros2_examples) by extensions ['ignore', 'ignore_ament_install']
[11.144s] Level 1:colcon.colcon_core.package_identification:_identify(src/raspimouse_ros2_examples) by extension 'ignore'
[11.144s] Level 1:colcon.colcon_core.package_identification:_identify(src/raspimouse_ros2_examples) by extension 'ignore_ament_install'
[11.145s] Level 1:colcon.colcon_core.package_identification:_identify(src/raspimouse_ros2_examples) by extensions ['colcon_pkg']
[11.145s] Level 1:colcon.colcon_core.package_identification:_identify(src/raspimouse_ros2_examples) by extension 'colcon_pkg'
[11.145s] Level 1:colcon.colcon_core.package_identification:_identify(src/raspimouse_ros2_examples) by extensions ['colcon_meta']
[11.145s] Level 1:colcon.colcon_core.package_identification:_identify(src/raspimouse_ros2_examples) by extension 'colcon_meta'
[11.146s] Level 1:colcon.colcon_core.package_identification:_identify(src/raspimouse_ros2_examples) by extensions ['ros']
[11.146s] Level 1:colcon.colcon_core.package_identification:_identify(src/raspimouse_ros2_examples) by extension 'ros'
[11.157s] DEBUG:colcon.colcon_core.package_identification:Package 'src/raspimouse_ros2_examples' with type 'ros.ament_cmake' and name 'raspimouse_ros2_examples'
[11.160s] Level 1:colcon.colcon_core.package_identification:_identify(src/ros2_pca9685) by extensions ['ignore', 'ignore_ament_install']
[11.161s] Level 1:colcon.colcon_core.package_identification:_identify(src/ros2_pca9685) by extension 'ignore'
[11.161s] Level 1:colcon.colcon_core.package_identification:_identify(src/ros2_pca9685) by extension 'ignore_ament_install'
[11.162s] Level 1:colcon.colcon_core.package_identification:_identify(src/ros2_pca9685) by extensions ['colcon_pkg']
[11.162s] Level 1:colcon.colcon_core.package_identification:_identify(src/ros2_pca9685) by extension 'colcon_pkg'
[11.163s] Level 1:colcon.colcon_core.package_identification:_identify(src/ros2_pca9685) by extensions ['colcon_meta']
[11.163s] Level 1:colcon.colcon_core.package_identification:_identify(src/ros2_pca9685) by extension 'colcon_meta'
[11.164s] Level 1:colcon.colcon_core.package_identification:_identify(src/ros2_pca9685) by extensions ['ros']
[11.164s] Level 1:colcon.colcon_core.package_identification:_identify(src/ros2_pca9685) by extension 'ros'
[11.168s] DEBUG:colcon.colcon_core.package_identification:Package 'src/ros2_pca9685' with type 'ros.ament_cmake' and name 'ros2_pca9685'
[11.170s] Level 1:colcon.colcon_core.package_identification:_identify(src/spresense_receiver) by extensions ['ignore', 'ignore_ament_install']
[11.170s] Level 1:colcon.colcon_core.package_identification:_identify(src/spresense_receiver) by extension 'ignore'
[11.171s] Level 1:colcon.colcon_core.package_identification:_identify(src/spresense_receiver) by extension 'ignore_ament_install'
[11.171s] Level 1:colcon.colcon_core.package_identification:_identify(src/spresense_receiver) by extensions ['colcon_pkg']
[11.172s] Level 1:colcon.colcon_core.package_identification:_identify(src/spresense_receiver) by extension 'colcon_pkg'
[11.172s] Level 1:colcon.colcon_core.package_identification:_identify(src/spresense_receiver) by extensions ['colcon_meta']
[11.173s] Level 1:colcon.colcon_core.package_identification:_identify(src/spresense_receiver) by extension 'colcon_meta'
[11.173s] Level 1:colcon.colcon_core.package_identification:_identify(src/spresense_receiver) by extensions ['ros']
[11.174s] Level 1:colcon.colcon_core.package_identification:_identify(src/spresense_receiver) by extension 'ros'
[11.178s] DEBUG:colcon.colcon_core.package_identification:Package 'src/spresense_receiver' with type 'ros.ament_python' and name 'spresense_receiver'
[11.178s] Level 1:colcon.colcon_core.package_discovery:discover_packages(recursive) using defaults
[11.179s] Level 1:colcon.colcon_core.package_discovery:discover_packages(ignore) discover
[11.179s] Level 1:colcon.colcon_core.package_discovery:discover_packages(ignore) using defaults
[11.179s] Level 1:colcon.colcon_core.package_discovery:discover_packages(path) discover
[11.179s] Level 1:colcon.colcon_core.package_discovery:discover_packages(path) using defaults
[11.738s] INFO:colcon.colcon_core.package_selection:Skipping not selected package 'ArucoDetectorPub' in 'src/ArucoDetectorPub'
[11.739s] INFO:colcon.colcon_core.package_selection:Skipping not selected package 'my_realsense_publisher' in 'src/my_realsense_publisher'
[11.739s] INFO:colcon.colcon_core.package_selection:Skipping not selected package 'py_pubsub' in 'src/py_pubsub'
[11.739s] INFO:colcon.colcon_core.package_selection:Skipping not selected package 'raspimouse_ros2_examples' in 'src/raspimouse_ros2_examples'
[11.739s] INFO:colcon.colcon_core.package_selection:Skipping not selected package 'ros2_pca9685' in 'src/ros2_pca9685'
[12.079s] Level 1:colcon.colcon_core.package_discovery:discover_packages(prefix_path) check parameters
[12.080s] Level 1:colcon.colcon_core.package_discovery:discover_packages(prefix_path) discover
[12.424s] DEBUG:colcon.colcon_installed_package_information.package_discovery:Found 1 installed packages in /home/ns/lidar_ws/install
[12.625s] DEBUG:colcon.colcon_installed_package_information.package_discovery:Found 312 installed packages in /opt/ros/humble
[12.634s] Level 1:colcon.colcon_core.package_discovery:discover_packages(prefix_path) using defaults
[13.627s] Level 5:colcon.colcon_core.verb:set package 'spresense_receiver' build argument 'cmake_args' from command line to 'None'
[13.628s] Level 5:colcon.colcon_core.verb:set package 'spresense_receiver' build argument 'cmake_target' from command line to 'None'
[13.629s] Level 5:colcon.colcon_core.verb:set package 'spresense_receiver' build argument 'cmake_target_skip_unavailable' from command line to 'False'
[13.630s] Level 5:colcon.colcon_core.verb:set package 'spresense_receiver' build argument 'cmake_clean_cache' from command line to 'False'
[13.631s] Level 5:colcon.colcon_core.verb:set package 'spresense_receiver' build argument 'cmake_clean_first' from command line to 'False'
[13.632s] Level 5:colcon.colcon_core.verb:set package 'spresense_receiver' build argument 'cmake_force_configure' from command line to 'False'
[13.632s] Level 5:colcon.colcon_core.verb:set package 'spresense_receiver' build argument 'ament_cmake_args' from command line to 'None'
[13.633s] Level 5:colcon.colcon_core.verb:set package 'spresense_receiver' build argument 'catkin_cmake_args' from command line to 'None'
[13.634s] Level 5:colcon.colcon_core.verb:set package 'spresense_receiver' build argument 'catkin_skip_building_tests' from command line to 'False'
[13.635s] DEBUG:colcon.colcon_core.verb:Building package 'spresense_receiver' with the following arguments: {'ament_cmake_args': None, 'build_base': '/home/ns/ros2_ws/build/spresense_receiver', 'catkin_cmake_args': None, 'catkin_skip_building_tests': False, 'cmake_args': None, 'cmake_clean_cache': False, 'cmake_clean_first': False, 'cmake_force_configure': False, 'cmake_target': None, 'cmake_target_skip_unavailable': False, 'install_base': '/home/ns/ros2_ws/install/spresense_receiver', 'merge_install': False, 'path': '/home/ns/ros2_ws/src/spresense_receiver', 'symlink_install': False, 'test_result_base': None}
[13.761s] INFO:colcon.colcon_core.executor:Executing jobs using 'parallel' executor
[13.884s] DEBUG:colcon.colcon_parallel_executor.executor.parallel:run_until_complete
[13.887s] INFO:colcon.colcon_ros.task.ament_python.build:Building ROS package in '/home/ns/ros2_ws/src/spresense_receiver' with build type 'ament_python'
[13.889s] Level 1:colcon.colcon_core.shell:create_environment_hook('spresense_receiver', 'ament_prefix_path')
[14.040s] INFO:colcon.colcon_core.plugin_system:Skipping extension 'colcon_core.shell.bat': Not used on non-Windows systems
[14.041s] INFO:colcon.colcon_core.shell:Creating environment hook '/home/ns/ros2_ws/install/spresense_receiver/share/spresense_receiver/hook/ament_prefix_path.ps1'
[14.044s] INFO:colcon.colcon_core.shell:Creating environment descriptor '/home/ns/ros2_ws/install/spresense_receiver/share/spresense_receiver/hook/ament_prefix_path.dsv'
[14.046s] INFO:colcon.colcon_core.shell:Creating environment hook '/home/ns/ros2_ws/install/spresense_receiver/share/spresense_receiver/hook/ament_prefix_path.sh'
[14.233s] INFO:colcon.colcon_core.shell:Skip shell extension 'powershell' for command environment: Not usable outside of PowerShell
[14.234s] DEBUG:colcon.colcon_core.shell:Skip shell extension 'dsv' for command environment
[16.501s] INFO:colcon.colcon_core.task.python.build:Building Python package in '/home/ns/ros2_ws/src/spresense_receiver'
[16.657s] INFO:colcon.colcon_core.shell:Skip shell extension 'powershell' for command environment: Not usable outside of PowerShell
[16.657s] DEBUG:colcon.colcon_core.shell:Skip shell extension 'dsv' for command environment
[19.328s] DEBUG:colcon.colcon_core.event_handler.log_command:Invoking command in '/home/ns/ros2_ws/src/spresense_receiver': PYTHONPATH=/home/ns/ros2_ws/build/spresense_receiver/prefix_override:/home/ns/ros2_ws/install/spresense_receiver/lib/python3.10/site-packages:${PYTHONPATH} /usr/bin/python3 setup.py egg_info --egg-base ../../build/spresense_receiver build --build-base /home/ns/ros2_ws/build/spresense_receiver/build install --record /home/ns/ros2_ws/build/spresense_receiver/install.log --single-version-externally-managed
[21.336s] DEBUG:colcon.colcon_core.event_handler.log_command:Invoked command in '/home/ns/ros2_ws/src/spresense_receiver' returned '0': PYTHONPATH=/home/ns/ros2_ws/build/spresense_receiver/prefix_override:/home/ns/ros2_ws/install/spresense_receiver/lib/python3.10/site-packages:${PYTHONPATH} /usr/bin/python3 setup.py egg_info --egg-base ../../build/spresense_receiver build --build-base /home/ns/ros2_ws/build/spresense_receiver/build install --record /home/ns/ros2_ws/build/spresense_receiver/install.log --single-version-externally-managed
[21.453s] Level 1:colcon.colcon_core.environment:checking '/home/ns/ros2_ws/install/spresense_receiver' for CMake module files
[21.459s] Level 1:colcon.colcon_core.environment:checking '/home/ns/ros2_ws/install/spresense_receiver' for CMake config files
[21.464s] Level 1:colcon.colcon_core.environment:checking '/home/ns/ros2_ws/install/spresense_receiver/lib'
[21.466s] Level 1:colcon.colcon_core.environment:checking '/home/ns/ros2_ws/install/spresense_receiver/bin'
[21.466s] Level 1:colcon.colcon_core.environment:checking '/home/ns/ros2_ws/install/spresense_receiver/lib/pkgconfig/spresense_receiver.pc'
[21.468s] Level 1:colcon.colcon_core.environment:checking '/home/ns/ros2_ws/install/spresense_receiver/lib/python3.10/site-packages'
[21.468s] Level 1:colcon.colcon_core.shell:create_environment_hook('spresense_receiver', 'pythonpath')
[21.580s] INFO:colcon.colcon_core.shell:Creating environment hook '/home/ns/ros2_ws/install/spresense_receiver/share/spresense_receiver/hook/pythonpath.ps1'
[21.582s] INFO:colcon.colcon_core.shell:Creating environment descriptor '/home/ns/ros2_ws/install/spresense_receiver/share/spresense_receiver/hook/pythonpath.dsv'
[21.585s] INFO:colcon.colcon_core.shell:Creating environment hook '/home/ns/ros2_ws/install/spresense_receiver/share/spresense_receiver/hook/pythonpath.sh'
[21.588s] Level 1:colcon.colcon_core.environment:checking '/home/ns/ros2_ws/install/spresense_receiver/bin'
[21.588s] Level 1:colcon.colcon_core.environment:create_environment_scripts_only(spresense_receiver)
[21.698s] INFO:colcon.colcon_core.shell:Creating package script '/home/ns/ros2_ws/install/spresense_receiver/share/spresense_receiver/package.ps1'
[21.702s] INFO:colcon.colcon_core.shell:Creating package descriptor '/home/ns/ros2_ws/install/spresense_receiver/share/spresense_receiver/package.dsv'
[21.706s] INFO:colcon.colcon_core.shell:Creating package script '/home/ns/ros2_ws/install/spresense_receiver/share/spresense_receiver/package.sh'
[21.710s] INFO:colcon.colcon_core.shell:Creating package script '/home/ns/ros2_ws/install/spresense_receiver/share/spresense_receiver/package.bash'
[21.714s] INFO:colcon.colcon_core.shell:Creating package script '/home/ns/ros2_ws/install/spresense_receiver/share/spresense_receiver/package.zsh'
[21.717s] Level 1:colcon.colcon_core.environment:create_file_with_runtime_dependencies(/home/ns/ros2_ws/install/spresense_receiver/share/colcon-core/packages/spresense_receiver)
[21.719s] DEBUG:colcon.colcon_parallel_executor.executor.parallel:closing loop
[21.721s] DEBUG:colcon.colcon_parallel_executor.executor.parallel:loop closed
[21.721s] DEBUG:colcon.colcon_parallel_executor.executor.parallel:run_until_complete finished with '0'
[21.722s] DEBUG:colcon.colcon_core.event_reactor:joining thread
[21.858s] INFO:colcon.colcon_core.plugin_system:Skipping extension 'colcon_notification.desktop_notification.terminal_notifier': Not used on non-Darwin systems
[21.858s] INFO:colcon.colcon_core.plugin_system:Skipping extension 'colcon_notification.desktop_notification.win32': Not used on non-Windows systems
[21.859s] INFO:colcon.colcon_notification.desktop_notification:Sending desktop notification using 'notify2'
[21.909s] DEBUG:colcon.colcon_core.event_reactor:joined thread
[22.096s] INFO:colcon.colcon_core.shell:Creating prefix script '/home/ns/ros2_ws/install/local_setup.ps1'
[22.100s] INFO:colcon.colcon_core.shell:Creating prefix util module '/home/ns/ros2_ws/install/_local_setup_util_ps1.py'
[22.106s] INFO:colcon.colcon_core.shell:Creating prefix chain script '/home/ns/ros2_ws/install/setup.ps1'
[22.228s] INFO:colcon.colcon_core.shell:Creating prefix script '/home/ns/ros2_ws/install/local_setup.sh'
[22.231s] INFO:colcon.colcon_core.shell:Creating prefix util module '/home/ns/ros2_ws/install/_local_setup_util_sh.py'
[22.234s] INFO:colcon.colcon_core.shell:Creating prefix chain script '/home/ns/ros2_ws/install/setup.sh'
[22.356s] INFO:colcon.colcon_core.shell:Creating prefix script '/home/ns/ros2_ws/install/local_setup.bash'
[22.360s] INFO:colcon.colcon_core.shell:Creating prefix chain script '/home/ns/ros2_ws/install/setup.bash'
[22.512s] INFO:colcon.colcon_core.shell:Creating prefix script '/home/ns/ros2_ws/install/local_setup.zsh'
[22.516s] INFO:colcon.colcon_core.shell:Creating prefix chain script '/home/ns/ros2_ws/install/setup.zsh'
