[9.776s] Invoking command in '/home/ns/ros2_ws/build/py_pubsub': PYTHONPATH=/home/ns/ros2_ws/build/py_pubsub/prefix_override:/home/ns/ros2_ws/install/py_pubsub/lib/python3.10/site-packages:${PYTHONPATH} /usr/bin/python3 setup.py develop --uninstall --editable --build-directory /home/ns/ros2_ws/build/py_pubsub/build
[11.753s] running develop
[11.759s] /usr/lib/python3/dist-packages/setuptools/command/easy_install.py:158: EasyInstallDeprecationWarning: easy_install command is deprecated. Use build and pip and other standards-based tools.
[11.760s]   warnings.warn(
[11.768s] /usr/lib/python3/dist-packages/setuptools/command/install.py:34: SetuptoolsDeprecationWarning: setup.py install is deprecated. Use build and pip and other standards-based tools.
[11.768s]   warnings.warn(
[13.279s] Removing /home/ns/ros2_ws/install/py_pubsub/lib/python3.10/site-packages/py-pubsub.egg-link (link to .)
[13.558s] Invoked command in '/home/ns/ros2_ws/build/py_pubsub' returned '0': PYTHONPATH=/home/ns/ros2_ws/build/py_pubsub/prefix_override:/home/ns/ros2_ws/install/py_pubsub/lib/python3.10/site-packages:${PYTHONPATH} /usr/bin/python3 setup.py develop --uninstall --editable --build-directory /home/ns/ros2_ws/build/py_pubsub/build
[13.562s] Invoking command in '/home/ns/ros2_ws/src/py_pubsub': PYTHONPATH=/home/ns/ros2_ws/build/py_pubsub/prefix_override:/home/ns/ros2_ws/install/py_pubsub/lib/python3.10/site-packages:${PYTHONPATH} /usr/bin/python3 setup.py egg_info --egg-base ../../build/py_pubsub build --build-base /home/ns/ros2_ws/build/py_pubsub/build install --record /home/ns/ros2_ws/build/py_pubsub/install.log --single-version-externally-managed
[15.554s] running egg_info
[15.561s] writing ../../build/py_pubsub/py_pubsub.egg-info/PKG-INFO
[15.564s] writing dependency_links to ../../build/py_pubsub/py_pubsub.egg-info/dependency_links.txt
[15.567s] writing entry points to ../../build/py_pubsub/py_pubsub.egg-info/entry_points.txt
[15.570s] writing requirements to ../../build/py_pubsub/py_pubsub.egg-info/requires.txt
[15.572s] writing top-level names to ../../build/py_pubsub/py_pubsub.egg-info/top_level.txt
[15.587s] reading manifest file '../../build/py_pubsub/py_pubsub.egg-info/SOURCES.txt'
[15.593s] writing manifest file '../../build/py_pubsub/py_pubsub.egg-info/SOURCES.txt'
[15.595s] running build
[15.595s] running build_py
[15.596s] creating /home/ns/ros2_ws/build/py_pubsub/build
[15.597s] creating /home/ns/ros2_ws/build/py_pubsub/build/lib
[15.598s] creating /home/ns/ros2_ws/build/py_pubsub/build/lib/py_pubsub
[15.599s] copying py_pubsub/publisher_member_function.py -> /home/ns/ros2_ws/build/py_pubsub/build/lib/py_pubsub
[15.599s] copying py_pubsub/__init__.py -> /home/ns/ros2_ws/build/py_pubsub/build/lib/py_pubsub
[15.602s] running install
[15.603s] /usr/lib/python3/dist-packages/setuptools/command/install.py:34: SetuptoolsDeprecationWarning: setup.py install is deprecated. Use build and pip and other standards-based tools.
[15.604s]   warnings.warn(
[15.605s] running install_lib
[15.611s] creating /home/ns/ros2_ws/install/py_pubsub/lib/python3.10/site-packages/py_pubsub
[15.612s] copying /home/ns/ros2_ws/build/py_pubsub/build/lib/py_pubsub/publisher_member_function.py -> /home/ns/ros2_ws/install/py_pubsub/lib/python3.10/site-packages/py_pubsub
[15.615s] copying /home/ns/ros2_ws/build/py_pubsub/build/lib/py_pubsub/__init__.py -> /home/ns/ros2_ws/install/py_pubsub/lib/python3.10/site-packages/py_pubsub
[15.619s] byte-compiling /home/ns/ros2_ws/install/py_pubsub/lib/python3.10/site-packages/py_pubsub/publisher_member_function.py to publisher_member_function.cpython-310.pyc
[15.623s] byte-compiling /home/ns/ros2_ws/install/py_pubsub/lib/python3.10/site-packages/py_pubsub/__init__.py to __init__.cpython-310.pyc
[15.626s] running install_data
[15.633s] running install_egg_info
[15.646s] Copying ../../build/py_pubsub/py_pubsub.egg-info to /home/ns/ros2_ws/install/py_pubsub/lib/python3.10/site-packages/py_pubsub-0.0.0-py3.10.egg-info
[15.657s] running install_scripts
[15.800s] writing list of installed files to '/home/ns/ros2_ws/build/py_pubsub/install.log'
